[INFO ][2020-01-12 11:02:32,808] [main][KEY:] --Starting CashApplication on bj-n-217943a with PID 3392 (D:\projects-test\sinafinance\sinafinance-cash\target\classes started by mengdi9 in D:\projects-test\sinafinance)--[logStarting][StartupInfoLogger.java,48]
[INFO ][2020-01-12 11:02:32,909] [main][KEY:] --No active profile set, falling back to default profiles: default--[logStartupProfileInfo][SpringApplication.java,593]
[INFO ][2020-01-12 11:02:33,017] [main][KEY:] --Refreshing org.springframework.boot.context.embedded.AnnotationConfigEmbeddedWebApplicationContext@e54303: startup date [Sun Jan 12 11:02:33 CST 2020]; root of context hierarchy--[prepareRefresh][AbstractApplicationContext.java,583]
[INFO ][2020-01-12 11:02:33,465] [background-preinit][KEY:] --HV000001: Hibernate Validator 5.1.3.Final--[<clinit>][Version.java,27]
[INFO ][2020-01-12 11:02:34,789] [main][KEY:] --Overriding bean definition for bean 'scopedTarget.oauth2ClientContext' with a different definition: replacing [Root bean: class [null]; scope=session; abstract=false; lazyInit=false; autowireMode=3; dependencyCheck=0; autowireCandidate=false; primary=false; factoryBeanName=org.springframework.security.oauth2.config.annotation.web.configuration.OAuth2ClientConfiguration$OAuth2ClientContextConfiguration; factoryMethodName=oauth2ClientContext; initMethodName=null; destroyMethodName=(inferred); defined in class path resource [org/springframework/security/oauth2/config/annotation/web/configuration/OAuth2ClientConfiguration$OAuth2ClientContextConfiguration.class]] with [Root bean: class [null]; scope=session; abstract=false; lazyInit=false; autowireMode=3; dependencyCheck=0; autowireCandidate=false; primary=false; factoryBeanName=org.springframework.boot.autoconfigure.security.oauth2.client.OAuth2RestOperationsConfiguration$SessionScopedConfiguration$ClientContextConfiguration; factoryMethodName=oauth2ClientContext; initMethodName=null; destroyMethodName=(inferred); defined in class path resource [org/springframework/boot/autoconfigure/security/oauth2/client/OAuth2RestOperationsConfiguration$SessionScopedConfiguration$ClientContextConfiguration.class]]--[registerBeanDefinition][DefaultListableBeanFactory.java,828]
[INFO ][2020-01-12 11:02:34,980] [main][KEY:] --Multiple Spring Data modules found, entering strict repository configuration mode!--[multipleStoresDetected][RepositoryConfigurationDelegate.java,165]
[INFO ][2020-01-12 11:02:35,720] [main][KEY:] --Bean 'org.springframework.transaction.annotation.ProxyTransactionManagementConfiguration' of type [org.springframework.transaction.annotation.ProxyTransactionManagementConfiguration$$EnhancerBySpringCGLIB$$2f21847d] is not eligible for getting processed by all BeanPostProcessors (for example: not eligible for auto-proxying)--[postProcessAfterInitialization][PostProcessorRegistrationDelegate.java,325]
[INFO ][2020-01-12 11:02:36,491] [main][KEY:] --Tomcat initialized with port(s): 8083 (http)--[initialize][TomcatEmbeddedServletContainer.java,89]
[INFO ][2020-01-12 11:02:36,504] [main][KEY:] --Starting service [Tomcat]--[log][DirectJDKLog.java,179]
[INFO ][2020-01-12 11:02:36,506] [main][KEY:] --Starting Servlet Engine: Apache Tomcat/8.5.16--[log][DirectJDKLog.java,179]
[INFO ][2020-01-12 11:02:36,647] [localhost-startStop-1][KEY:] --Initializing Spring embedded WebApplicationContext--[log][DirectJDKLog.java,179]
[INFO ][2020-01-12 11:02:36,648] [localhost-startStop-1][KEY:] --Root WebApplicationContext: initialization completed in 3631 ms--[prepareEmbeddedWebApplicationContext][EmbeddedWebApplicationContext.java,276]
[INFO ][2020-01-12 11:02:37,017] [localhost-startStop-1][KEY:] --Mapping filter: 'characterEncodingFilter' to: [/*]--[configure][AbstractFilterRegistrationBean.java,258]
[INFO ][2020-01-12 11:02:37,018] [localhost-startStop-1][KEY:] --Mapping filter: 'hiddenHttpMethodFilter' to: [/*]--[configure][AbstractFilterRegistrationBean.java,258]
[INFO ][2020-01-12 11:02:37,018] [localhost-startStop-1][KEY:] --Mapping filter: 'httpPutFormContentFilter' to: [/*]--[configure][AbstractFilterRegistrationBean.java,258]
[INFO ][2020-01-12 11:02:37,018] [localhost-startStop-1][KEY:] --Mapping filter: 'OAuth2ClientContextFilter' to: [/*]--[configure][AbstractFilterRegistrationBean.java,258]
[INFO ][2020-01-12 11:02:37,019] [localhost-startStop-1][KEY:] --Mapping filter: 'requestContextFilter' to: [/*]--[configure][AbstractFilterRegistrationBean.java,258]
[INFO ][2020-01-12 11:02:37,020] [localhost-startStop-1][KEY:] --Mapping filter: 'springSecurityFilterChain' to: [/*]--[configure][AbstractFilterRegistrationBean.java,258]
[INFO ][2020-01-12 11:02:37,020] [localhost-startStop-1][KEY:] --Mapping servlet: 'dispatcherServlet' to [/]--[onStartup][ServletRegistrationBean.java,190]
[INFO ][2020-01-12 11:02:37,265] [main][KEY:] --Final method [protected final org.springframework.context.ApplicationContext org.springframework.security.config.annotation.web.configuration.WebSecurityConfigurerAdapter.getApplicationContext()] cannot get proxied via CGLIB: Calls to this method will NOT be routed to the target instance and might lead to NPEs against uninitialized fields in the proxy instance.--[doValidateClass][CglibAopProxy.java,268]
[INFO ][2020-01-12 11:02:37,266] [main][KEY:] --Final method [protected final org.springframework.security.config.annotation.web.builders.HttpSecurity org.springframework.security.config.annotation.web.configuration.WebSecurityConfigurerAdapter.getHttp() throws java.lang.Exception] cannot get proxied via CGLIB: Calls to this method will NOT be routed to the target instance and might lead to NPEs against uninitialized fields in the proxy instance.--[doValidateClass][CglibAopProxy.java,268]
[WARN ][2020-01-12 11:02:38,322] [main][KEY:] --Unable to create an RSA verifier from verifierKey (ignoreable if using MAC)--[afterPropertiesSet][JwtAccessTokenConverter.java,294]
[INFO ][2020-01-12 11:02:39,253] [main][KEY:] --Looking for @ControllerAdvice: org.springframework.boot.context.embedded.AnnotationConfigEmbeddedWebApplicationContext@e54303: startup date [Sun Jan 12 11:02:33 CST 2020]; root of context hierarchy--[initControllerAdviceCache][RequestMappingHandlerAdapter.java,534]
[INFO ][2020-01-12 11:02:39,371] [main][KEY:] --Mapped "{[/me],methods=[GET]}" onto public org.springframework.security.core.Authentication com.sinafinance.CashApplication.user(org.springframework.security.core.Authentication)--[register][AbstractHandlerMethodMapping.java,543]
[INFO ][2020-01-12 11:02:39,374] [main][KEY:] --Mapped "{[/cash/notify]}" onto public void com.sinafinance.controller.CashOutController.notifyLogic(javax.servlet.http.HttpServletRequest)--[register][AbstractHandlerMethodMapping.java,543]
[INFO ][2020-01-12 11:02:39,375] [main][KEY:] --Mapped "{[/cash/queryPayStatus],methods=[GET]}" onto public com.sinafinance.vo.BaseResponse com.sinafinance.controller.CashOutController.queryPayStatus(java.lang.String,java.lang.String)--[register][AbstractHandlerMethodMapping.java,543]
[INFO ][2020-01-12 11:02:39,375] [main][KEY:] --Mapped "{[/cash/out]}" onto public com.sinafinance.vo.BaseResponse com.sinafinance.controller.CashOutController.cashout(com.sinafinance.vo.CashOutRequest,org.springframework.security.core.Authentication)--[register][AbstractHandlerMethodMapping.java,543]
[INFO ][2020-01-12 11:02:39,378] [main][KEY:] --Mapped "{[/user/findAllUser]}" onto public com.sinafinance.vo.BaseResponse com.sinafinance.controller.UserController.findAllUser(int,int)--[register][AbstractHandlerMethodMapping.java,543]
[INFO ][2020-01-12 11:02:39,379] [main][KEY:] --Mapped "{[/user/findByUsername]}" onto public com.sinafinance.vo.BaseResponse com.sinafinance.controller.UserController.findByUsername(java.lang.String)--[register][AbstractHandlerMethodMapping.java,543]
[INFO ][2020-01-12 11:02:39,381] [main][KEY:] --Mapped "{[/error]}" onto public org.springframework.http.ResponseEntity<java.util.Map<java.lang.String, java.lang.Object>> org.springframework.boot.autoconfigure.web.BasicErrorController.error(javax.servlet.http.HttpServletRequest)--[register][AbstractHandlerMethodMapping.java,543]
[INFO ][2020-01-12 11:02:39,382] [main][KEY:] --Mapped "{[/error],produces=[text/html]}" onto public org.springframework.web.servlet.ModelAndView org.springframework.boot.autoconfigure.web.BasicErrorController.errorHtml(javax.servlet.http.HttpServletRequest,javax.servlet.http.HttpServletResponse)--[register][AbstractHandlerMethodMapping.java,543]
[INFO ][2020-01-12 11:02:39,520] [main][KEY:] --Mapped URL path [/webjars/**] onto handler of type [class org.springframework.web.servlet.resource.ResourceHttpRequestHandler]--[registerHandler][AbstractUrlHandlerMapping.java,362]
[INFO ][2020-01-12 11:02:39,521] [main][KEY:] --Mapped URL path [/**] onto handler of type [class org.springframework.web.servlet.resource.ResourceHttpRequestHandler]--[registerHandler][AbstractUrlHandlerMapping.java,362]
[INFO ][2020-01-12 11:02:39,558] [main][KEY:] --Detected @ExceptionHandler methods in webControllerAdvice--[initExceptionHandlerAdviceCache][ExceptionHandlerExceptionResolver.java,273]
[INFO ][2020-01-12 11:02:39,603] [main][KEY:] --Mapped URL path [/**/favicon.ico] onto handler of type [class org.springframework.web.servlet.resource.ResourceHttpRequestHandler]--[registerHandler][AbstractUrlHandlerMapping.java,362]
[INFO ][2020-01-12 11:02:39,648] [main][KEY:] --Adding welcome page: class path resource [static/index.html]--[<init>][WebMvcAutoConfiguration.java,549]
[INFO ][2020-01-12 11:02:40,238] [main][KEY:] --

Using default security password: 20bf24cb-cd78-4ce4-836b-2aad21d3a26b
--[configure][AuthenticationManagerConfiguration.java,173]
[INFO ][2020-01-12 11:02:40,333] [main][KEY:] --Creating filter chain: OrRequestMatcher [requestMatchers=[Ant [pattern='/css/**'], Ant [pattern='/js/**'], Ant [pattern='/images/**'], Ant [pattern='/webjars/**'], Ant [pattern='/**/favicon.ico'], Ant [pattern='/error']]], []--[<init>][DefaultSecurityFilterChain.java,43]
[INFO ][2020-01-12 11:02:40,334] [main][KEY:] --Creating filter chain: Ant [pattern='/bootstrap/**'], []--[<init>][DefaultSecurityFilterChain.java,43]
[INFO ][2020-01-12 11:02:40,419] [main][KEY:] --Creating filter chain: org.springframework.security.web.util.matcher.AnyRequestMatcher@1, [org.springframework.security.web.context.request.async.WebAsyncManagerIntegrationFilter@3023f157, org.springframework.security.web.context.SecurityContextPersistenceFilter@36349e29, org.springframework.security.web.header.HeaderWriterFilter@471a9e8c, org.springframework.security.web.authentication.logout.LogoutFilter@e4bb10b, org.springframework.security.oauth2.client.filter.OAuth2ClientAuthenticationProcessingFilter@1f3aa970, org.springframework.security.web.savedrequest.RequestCacheAwareFilter@63ad5fe7, org.springframework.security.web.servletapi.SecurityContextHolderAwareRequestFilter@36d39655, org.springframework.security.web.authentication.AnonymousAuthenticationFilter@5213b887, org.springframework.security.web.session.SessionManagementFilter@3f33bb6f, org.springframework.security.web.access.ExceptionTranslationFilter@14d298d6, org.springframework.security.web.access.intercept.FilterSecurityInterceptor@31c56721]--[<init>][DefaultSecurityFilterChain.java,43]
[INFO ][2020-01-12 11:02:40,436] [main][KEY:] --Creating filter chain: OrRequestMatcher [requestMatchers=[Ant [pattern='/**']]], [org.springframework.security.web.context.request.async.WebAsyncManagerIntegrationFilter@476a2819, org.springframework.security.web.context.SecurityContextPersistenceFilter@3bbc47c9, org.springframework.security.web.header.HeaderWriterFilter@1c5d376c, org.springframework.security.web.authentication.logout.LogoutFilter@71f4aeb6, org.springframework.security.web.authentication.www.BasicAuthenticationFilter@74844216, org.springframework.security.web.savedrequest.RequestCacheAwareFilter@615e7fe7, org.springframework.security.web.servletapi.SecurityContextHolderAwareRequestFilter@144dc2f7, org.springframework.security.web.authentication.AnonymousAuthenticationFilter@279ab15e, org.springframework.security.web.session.SessionManagementFilter@42f2cae8, org.springframework.security.web.access.ExceptionTranslationFilter@690677de, org.springframework.security.web.access.intercept.FilterSecurityInterceptor@25c548d1]--[<init>][DefaultSecurityFilterChain.java,43]
[WARN ][2020-01-12 11:02:40,822] [main][KEY:] --Exception encountered during context initialization - cancelling refresh attempt: org.springframework.beans.factory.BeanCreationException: Error creating bean with name 'tk.mybatis.mapper.autoconfigure.MapperAutoConfiguration': Invocation of init method failed; nested exception is tk.mybatis.mapper.MapperException: tk.mybatis.mapper.MapperException: java.lang.StringIndexOutOfBoundsException: String index out of range: -1--[refresh][AbstractApplicationContext.java,551]
[INFO ][2020-01-12 11:02:40,823] [main][KEY:] --Unregistering JMX-exposed beans on shutdown--[destroy][MBeanExporter.java,449]
[INFO ][2020-01-12 11:02:40,825] [main][KEY:] --{dataSource-0} closing ...--[close][DruidDataSource.java,2003]
[INFO ][2020-01-12 11:02:40,828] [main][KEY:] --Stopping service [Tomcat]--[log][DirectJDKLog.java,179]
[WARN ][2020-01-12 11:02:40,851] [localhost-startStop-1][KEY:] --The web application [cash] appears to have started a thread named [Abandoned connection cleanup thread] but has failed to stop it. This is very likely to create a memory leak. Stack trace of thread:
 java.lang.Object.wait(Native Method)
 java.lang.ref.ReferenceQueue.remove(ReferenceQueue.java:144)
 com.mysql.jdbc.AbandonedConnectionCleanupThread.run(AbandonedConnectionCleanupThread.java:40)--[log][DirectJDKLog.java,179]
[INFO ][2020-01-12 11:02:40,862] [main][KEY:] --

Error starting ApplicationContext. To display the auto-configuration report re-run your application with 'debug' enabled.--[logAutoConfigurationReport][AutoConfigurationReportLoggingInitializer.java,101]
[ERROR][2020-01-12 11:02:40,868] [main][KEY:] --Application startup failed--[reportFailure][SpringApplication.java,771]
org.springframework.beans.factory.BeanCreationException: Error creating bean with name 'tk.mybatis.mapper.autoconfigure.MapperAutoConfiguration': Invocation of init method failed; nested exception is tk.mybatis.mapper.MapperException: tk.mybatis.mapper.MapperException: java.lang.StringIndexOutOfBoundsException: String index out of range: -1
	at org.springframework.beans.factory.annotation.InitDestroyAnnotationBeanPostProcessor.postProcessBeforeInitialization(InitDestroyAnnotationBeanPostProcessor.java:137)
	at org.springframework.beans.factory.support.AbstractAutowireCapableBeanFactory.applyBeanPostProcessorsBeforeInitialization(AbstractAutowireCapableBeanFactory.java:409)
	at org.springframework.beans.factory.support.AbstractAutowireCapableBeanFactory.initializeBean(AbstractAutowireCapableBeanFactory.java:1620)
	at org.springframework.beans.factory.support.AbstractAutowireCapableBeanFactory.doCreateBean(AbstractAutowireCapableBeanFactory.java:555)
	at org.springframework.beans.factory.support.AbstractAutowireCapableBeanFactory.createBean(AbstractAutowireCapableBeanFactory.java:483)
	at org.springframework.beans.factory.support.AbstractBeanFactory$1.getObject(AbstractBeanFactory.java:306)
	at org.springframework.beans.factory.support.DefaultSingletonBeanRegistry.getSingleton(DefaultSingletonBeanRegistry.java:230)
	at org.springframework.beans.factory.support.AbstractBeanFactory.doGetBean(AbstractBeanFactory.java:302)
	at org.springframework.beans.factory.support.AbstractBeanFactory.getBean(AbstractBeanFactory.java:197)
	at org.springframework.beans.factory.support.DefaultListableBeanFactory.preInstantiateSingletons(DefaultListableBeanFactory.java:761)
	at org.springframework.context.support.AbstractApplicationContext.finishBeanFactoryInitialization(AbstractApplicationContext.java:867)
	at org.springframework.context.support.AbstractApplicationContext.refresh(AbstractApplicationContext.java:543)
	at org.springframework.boot.context.embedded.EmbeddedWebApplicationContext.refresh(EmbeddedWebApplicationContext.java:122)
	at org.springframework.boot.SpringApplication.refresh(SpringApplication.java:693)
	at org.springframework.boot.SpringApplication.refreshContext(SpringApplication.java:360)
	at org.springframework.boot.SpringApplication.run(SpringApplication.java:303)
	at org.springframework.boot.SpringApplication.run(SpringApplication.java:1118)
	at org.springframework.boot.SpringApplication.run(SpringApplication.java:1107)
	at com.sinafinance.CashApplication.main(CashApplication.java:33)
Caused by: tk.mybatis.mapper.MapperException: tk.mybatis.mapper.MapperException: java.lang.StringIndexOutOfBoundsException: String index out of range: -1
	at tk.mybatis.mapper.mapperhelper.MapperHelper.setSqlSource(MapperHelper.java:248)
	at tk.mybatis.mapper.mapperhelper.MapperHelper.processConfiguration(MapperHelper.java:311)
	at tk.mybatis.mapper.mapperhelper.MapperHelper.processConfiguration(MapperHelper.java:290)
	at tk.mybatis.mapper.autoconfigure.MapperAutoConfiguration.addPageInterceptor(MapperAutoConfiguration.java:75)
	at sun.reflect.NativeMethodAccessorImpl.invoke0(Native Method)
	at sun.reflect.NativeMethodAccessorImpl.invoke(NativeMethodAccessorImpl.java:62)
	at sun.reflect.DelegatingMethodAccessorImpl.invoke(DelegatingMethodAccessorImpl.java:43)
	at java.lang.reflect.Method.invoke(Method.java:498)
	at org.springframework.beans.factory.annotation.InitDestroyAnnotationBeanPostProcessor$LifecycleElement.invoke(InitDestroyAnnotationBeanPostProcessor.java:366)
	at org.springframework.beans.factory.annotation.InitDestroyAnnotationBeanPostProcessor$LifecycleMetadata.invokeInitMethods(InitDestroyAnnotationBeanPostProcessor.java:311)
	at org.springframework.beans.factory.annotation.InitDestroyAnnotationBeanPostProcessor.postProcessBeforeInitialization(InitDestroyAnnotationBeanPostProcessor.java:134)
	... 18 common frames omitted
Caused by: tk.mybatis.mapper.MapperException: java.lang.StringIndexOutOfBoundsException: String index out of range: -1
	at tk.mybatis.mapper.mapperhelper.MapperTemplate.setSqlSource(MapperTemplate.java:258)
	at tk.mybatis.mapper.mapperhelper.MapperHelper.setSqlSource(MapperHelper.java:245)
	... 28 common frames omitted
Caused by: java.lang.StringIndexOutOfBoundsException: String index out of range: -1
	at java.lang.AbstractStringBuilder.substring(AbstractStringBuilder.java:935)
	at java.lang.StringBuilder.substring(StringBuilder.java:76)
	at tk.mybatis.mapper.mapperhelper.SqlHelper.getAllColumns(SqlHelper.java:247)
	at tk.mybatis.mapper.mapperhelper.SqlHelper.selectAllColumns(SqlHelper.java:259)
	at tk.mybatis.mapper.provider.base.BaseSelectProvider.select(BaseSelectProvider.java:71)
	at sun.reflect.NativeMethodAccessorImpl.invoke0(Native Method)
	at sun.reflect.NativeMethodAccessorImpl.invoke(NativeMethodAccessorImpl.java:62)
	at sun.reflect.DelegatingMethodAccessorImpl.invoke(DelegatingMethodAccessorImpl.java:43)
	at java.lang.reflect.Method.invoke(Method.java:498)
	at tk.mybatis.mapper.mapperhelper.MapperTemplate.setSqlSource(MapperTemplate.java:246)
	... 29 common frames omitted
[INFO ][2020-01-12 11:07:44,044] [main][KEY:] --Starting CashApplication on bj-n-217943a with PID 2400 (D:\projects-test\sinafinance\sinafinance-cash\target\classes started by mengdi9 in D:\projects-test\sinafinance)--[logStarting][StartupInfoLogger.java,48]
[INFO ][2020-01-12 11:07:44,048] [main][KEY:] --No active profile set, falling back to default profiles: default--[logStartupProfileInfo][SpringApplication.java,593]
[INFO ][2020-01-12 11:07:44,117] [main][KEY:] --Refreshing org.springframework.boot.context.embedded.AnnotationConfigEmbeddedWebApplicationContext@e54303: startup date [Sun Jan 12 11:07:44 CST 2020]; root of context hierarchy--[prepareRefresh][AbstractApplicationContext.java,583]
[INFO ][2020-01-12 11:07:44,440] [background-preinit][KEY:] --HV000001: Hibernate Validator 5.1.3.Final--[<clinit>][Version.java,27]
[INFO ][2020-01-12 11:07:44,845] [main][KEY:] --Overriding bean definition for bean 'scopedTarget.oauth2ClientContext' with a different definition: replacing [Root bean: class [null]; scope=session; abstract=false; lazyInit=false; autowireMode=3; dependencyCheck=0; autowireCandidate=false; primary=false; factoryBeanName=org.springframework.security.oauth2.config.annotation.web.configuration.OAuth2ClientConfiguration$OAuth2ClientContextConfiguration; factoryMethodName=oauth2ClientContext; initMethodName=null; destroyMethodName=(inferred); defined in class path resource [org/springframework/security/oauth2/config/annotation/web/configuration/OAuth2ClientConfiguration$OAuth2ClientContextConfiguration.class]] with [Root bean: class [null]; scope=session; abstract=false; lazyInit=false; autowireMode=3; dependencyCheck=0; autowireCandidate=false; primary=false; factoryBeanName=org.springframework.boot.autoconfigure.security.oauth2.client.OAuth2RestOperationsConfiguration$SessionScopedConfiguration$ClientContextConfiguration; factoryMethodName=oauth2ClientContext; initMethodName=null; destroyMethodName=(inferred); defined in class path resource [org/springframework/boot/autoconfigure/security/oauth2/client/OAuth2RestOperationsConfiguration$SessionScopedConfiguration$ClientContextConfiguration.class]]--[registerBeanDefinition][DefaultListableBeanFactory.java,828]
[INFO ][2020-01-12 11:07:44,934] [main][KEY:] --Multiple Spring Data modules found, entering strict repository configuration mode!--[multipleStoresDetected][RepositoryConfigurationDelegate.java,165]
[INFO ][2020-01-12 11:07:45,667] [main][KEY:] --Bean 'org.springframework.transaction.annotation.ProxyTransactionManagementConfiguration' of type [org.springframework.transaction.annotation.ProxyTransactionManagementConfiguration$$EnhancerBySpringCGLIB$$3b2660c1] is not eligible for getting processed by all BeanPostProcessors (for example: not eligible for auto-proxying)--[postProcessAfterInitialization][PostProcessorRegistrationDelegate.java,325]
[INFO ][2020-01-12 11:07:46,549] [main][KEY:] --Tomcat initialized with port(s): 8083 (http)--[initialize][TomcatEmbeddedServletContainer.java,89]
[INFO ][2020-01-12 11:07:46,571] [main][KEY:] --Starting service [Tomcat]--[log][DirectJDKLog.java,179]
[INFO ][2020-01-12 11:07:46,572] [main][KEY:] --Starting Servlet Engine: Apache Tomcat/8.5.16--[log][DirectJDKLog.java,179]
[INFO ][2020-01-12 11:07:46,764] [localhost-startStop-1][KEY:] --Initializing Spring embedded WebApplicationContext--[log][DirectJDKLog.java,179]
[INFO ][2020-01-12 11:07:46,764] [localhost-startStop-1][KEY:] --Root WebApplicationContext: initialization completed in 2647 ms--[prepareEmbeddedWebApplicationContext][EmbeddedWebApplicationContext.java,276]
[INFO ][2020-01-12 11:07:47,294] [localhost-startStop-1][KEY:] --Mapping filter: 'characterEncodingFilter' to: [/*]--[configure][AbstractFilterRegistrationBean.java,258]
[INFO ][2020-01-12 11:07:47,296] [localhost-startStop-1][KEY:] --Mapping filter: 'hiddenHttpMethodFilter' to: [/*]--[configure][AbstractFilterRegistrationBean.java,258]
[INFO ][2020-01-12 11:07:47,297] [localhost-startStop-1][KEY:] --Mapping filter: 'httpPutFormContentFilter' to: [/*]--[configure][AbstractFilterRegistrationBean.java,258]
[INFO ][2020-01-12 11:07:47,298] [localhost-startStop-1][KEY:] --Mapping filter: 'OAuth2ClientContextFilter' to: [/*]--[configure][AbstractFilterRegistrationBean.java,258]
[INFO ][2020-01-12 11:07:47,299] [localhost-startStop-1][KEY:] --Mapping filter: 'requestContextFilter' to: [/*]--[configure][AbstractFilterRegistrationBean.java,258]
[INFO ][2020-01-12 11:07:47,301] [localhost-startStop-1][KEY:] --Mapping filter: 'springSecurityFilterChain' to: [/*]--[configure][AbstractFilterRegistrationBean.java,258]
[INFO ][2020-01-12 11:07:47,302] [localhost-startStop-1][KEY:] --Mapping servlet: 'dispatcherServlet' to [/]--[onStartup][ServletRegistrationBean.java,190]
[INFO ][2020-01-12 11:07:47,776] [main][KEY:] --Final method [protected final org.springframework.context.ApplicationContext org.springframework.security.config.annotation.web.configuration.WebSecurityConfigurerAdapter.getApplicationContext()] cannot get proxied via CGLIB: Calls to this method will NOT be routed to the target instance and might lead to NPEs against uninitialized fields in the proxy instance.--[doValidateClass][CglibAopProxy.java,268]
[INFO ][2020-01-12 11:07:47,776] [main][KEY:] --Final method [protected final org.springframework.security.config.annotation.web.builders.HttpSecurity org.springframework.security.config.annotation.web.configuration.WebSecurityConfigurerAdapter.getHttp() throws java.lang.Exception] cannot get proxied via CGLIB: Calls to this method will NOT be routed to the target instance and might lead to NPEs against uninitialized fields in the proxy instance.--[doValidateClass][CglibAopProxy.java,268]
[WARN ][2020-01-12 11:07:49,029] [main][KEY:] --Unable to create an RSA verifier from verifierKey (ignoreable if using MAC)--[afterPropertiesSet][JwtAccessTokenConverter.java,294]
[INFO ][2020-01-12 11:07:49,650] [main][KEY:] --Looking for @ControllerAdvice: org.springframework.boot.context.embedded.AnnotationConfigEmbeddedWebApplicationContext@e54303: startup date [Sun Jan 12 11:07:44 CST 2020]; root of context hierarchy--[initControllerAdviceCache][RequestMappingHandlerAdapter.java,534]
[INFO ][2020-01-12 11:07:49,761] [main][KEY:] --Mapped "{[/me],methods=[GET]}" onto public org.springframework.security.core.Authentication com.sinafinance.CashApplication.user(org.springframework.security.core.Authentication)--[register][AbstractHandlerMethodMapping.java,543]
[INFO ][2020-01-12 11:07:49,763] [main][KEY:] --Mapped "{[/cash/queryPayStatus],methods=[GET]}" onto public com.sinafinance.vo.BaseResponse com.sinafinance.controller.CashOutController.queryPayStatus(java.lang.String,java.lang.String)--[register][AbstractHandlerMethodMapping.java,543]
[INFO ][2020-01-12 11:07:49,764] [main][KEY:] --Mapped "{[/cash/out]}" onto public com.sinafinance.vo.BaseResponse com.sinafinance.controller.CashOutController.cashout(com.sinafinance.vo.CashOutRequest,org.springframework.security.core.Authentication)--[register][AbstractHandlerMethodMapping.java,543]
[INFO ][2020-01-12 11:07:49,765] [main][KEY:] --Mapped "{[/cash/notify]}" onto public void com.sinafinance.controller.CashOutController.notifyLogic(javax.servlet.http.HttpServletRequest)--[register][AbstractHandlerMethodMapping.java,543]
[INFO ][2020-01-12 11:07:49,768] [main][KEY:] --Mapped "{[/user/findAllUser]}" onto public com.sinafinance.vo.BaseResponse com.sinafinance.controller.UserController.findAllUser(int,int)--[register][AbstractHandlerMethodMapping.java,543]
[INFO ][2020-01-12 11:07:49,769] [main][KEY:] --Mapped "{[/user/findByUsername]}" onto public com.sinafinance.vo.BaseResponse com.sinafinance.controller.UserController.findByUsername(java.lang.String)--[register][AbstractHandlerMethodMapping.java,543]
[INFO ][2020-01-12 11:07:49,772] [main][KEY:] --Mapped "{[/error]}" onto public org.springframework.http.ResponseEntity<java.util.Map<java.lang.String, java.lang.Object>> org.springframework.boot.autoconfigure.web.BasicErrorController.error(javax.servlet.http.HttpServletRequest)--[register][AbstractHandlerMethodMapping.java,543]
[INFO ][2020-01-12 11:07:49,772] [main][KEY:] --Mapped "{[/error],produces=[text/html]}" onto public org.springframework.web.servlet.ModelAndView org.springframework.boot.autoconfigure.web.BasicErrorController.errorHtml(javax.servlet.http.HttpServletRequest,javax.servlet.http.HttpServletResponse)--[register][AbstractHandlerMethodMapping.java,543]
[INFO ][2020-01-12 11:07:49,877] [main][KEY:] --Mapped URL path [/webjars/**] onto handler of type [class org.springframework.web.servlet.resource.ResourceHttpRequestHandler]--[registerHandler][AbstractUrlHandlerMapping.java,362]
[INFO ][2020-01-12 11:07:49,877] [main][KEY:] --Mapped URL path [/**] onto handler of type [class org.springframework.web.servlet.resource.ResourceHttpRequestHandler]--[registerHandler][AbstractUrlHandlerMapping.java,362]
[INFO ][2020-01-12 11:07:49,900] [main][KEY:] --Detected @ExceptionHandler methods in webControllerAdvice--[initExceptionHandlerAdviceCache][ExceptionHandlerExceptionResolver.java,273]
[INFO ][2020-01-12 11:07:49,948] [main][KEY:] --Mapped URL path [/**/favicon.ico] onto handler of type [class org.springframework.web.servlet.resource.ResourceHttpRequestHandler]--[registerHandler][AbstractUrlHandlerMapping.java,362]
[INFO ][2020-01-12 11:07:49,992] [main][KEY:] --Adding welcome page: class path resource [static/index.html]--[<init>][WebMvcAutoConfiguration.java,549]
[INFO ][2020-01-12 11:07:50,583] [main][KEY:] --

Using default security password: 45a17c45-331a-43dc-9f69-af64705254dc
--[configure][AuthenticationManagerConfiguration.java,173]
[INFO ][2020-01-12 11:07:50,695] [main][KEY:] --Creating filter chain: OrRequestMatcher [requestMatchers=[Ant [pattern='/css/**'], Ant [pattern='/js/**'], Ant [pattern='/images/**'], Ant [pattern='/webjars/**'], Ant [pattern='/**/favicon.ico'], Ant [pattern='/error']]], []--[<init>][DefaultSecurityFilterChain.java,43]
[INFO ][2020-01-12 11:07:50,696] [main][KEY:] --Creating filter chain: Ant [pattern='/bootstrap/**'], []--[<init>][DefaultSecurityFilterChain.java,43]
[INFO ][2020-01-12 11:07:50,801] [main][KEY:] --Creating filter chain: org.springframework.security.web.util.matcher.AnyRequestMatcher@1, [org.springframework.security.web.context.request.async.WebAsyncManagerIntegrationFilter@44ae6b66, org.springframework.security.web.context.SecurityContextPersistenceFilter@3f33bb6f, org.springframework.security.web.header.HeaderWriterFilter@7f94541b, org.springframework.security.web.authentication.logout.LogoutFilter@b5390, org.springframework.security.oauth2.client.filter.OAuth2ClientAuthenticationProcessingFilter@5b0e5d5f, org.springframework.security.web.savedrequest.RequestCacheAwareFilter@4c114687, org.springframework.security.web.servletapi.SecurityContextHolderAwareRequestFilter@63ad5fe7, org.springframework.security.web.authentication.AnonymousAuthenticationFilter@58b5d5fc, org.springframework.security.web.session.SessionManagementFilter@32cec678, org.springframework.security.web.access.ExceptionTranslationFilter@1d40f597, org.springframework.security.web.access.intercept.FilterSecurityInterceptor@4e343265]--[<init>][DefaultSecurityFilterChain.java,43]
[INFO ][2020-01-12 11:07:50,824] [main][KEY:] --Creating filter chain: OrRequestMatcher [requestMatchers=[Ant [pattern='/**']]], [org.springframework.security.web.context.request.async.WebAsyncManagerIntegrationFilter@39b95a80, org.springframework.security.web.context.SecurityContextPersistenceFilter@1f6e6f50, org.springframework.security.web.header.HeaderWriterFilter@58a7ca42, org.springframework.security.web.authentication.logout.LogoutFilter@690677de, org.springframework.security.web.authentication.www.BasicAuthenticationFilter@42f2cae8, org.springframework.security.web.savedrequest.RequestCacheAwareFilter@1f7fcec2, org.springframework.security.web.servletapi.SecurityContextHolderAwareRequestFilter@796cf2b5, org.springframework.security.web.authentication.AnonymousAuthenticationFilter@3ec62141, org.springframework.security.web.session.SessionManagementFilter@4f9980e1, org.springframework.security.web.access.ExceptionTranslationFilter@7a0f43dc, org.springframework.security.web.access.intercept.FilterSecurityInterceptor@4b9ed99d]--[<init>][DefaultSecurityFilterChain.java,43]
[WARN ][2020-01-12 11:07:51,213] [main][KEY:] --Exception encountered during context initialization - cancelling refresh attempt: org.springframework.beans.factory.BeanCreationException: Error creating bean with name 'tk.mybatis.mapper.autoconfigure.MapperAutoConfiguration': Invocation of init method failed; nested exception is tk.mybatis.mapper.MapperException: tk.mybatis.mapper.MapperException: java.lang.StringIndexOutOfBoundsException: String index out of range: -1--[refresh][AbstractApplicationContext.java,551]
[INFO ][2020-01-12 11:07:51,214] [main][KEY:] --Unregistering JMX-exposed beans on shutdown--[destroy][MBeanExporter.java,449]
[INFO ][2020-01-12 11:07:51,215] [main][KEY:] --{dataSource-0} closing ...--[close][DruidDataSource.java,2003]
[INFO ][2020-01-12 11:07:51,218] [main][KEY:] --Stopping service [Tomcat]--[log][DirectJDKLog.java,179]
[WARN ][2020-01-12 11:07:51,238] [localhost-startStop-1][KEY:] --The web application [cash] appears to have started a thread named [Abandoned connection cleanup thread] but has failed to stop it. This is very likely to create a memory leak. Stack trace of thread:
 java.lang.Object.wait(Native Method)
 java.lang.ref.ReferenceQueue.remove(ReferenceQueue.java:144)
 com.mysql.jdbc.AbandonedConnectionCleanupThread.run(AbandonedConnectionCleanupThread.java:40)--[log][DirectJDKLog.java,179]
[INFO ][2020-01-12 11:07:51,248] [main][KEY:] --

Error starting ApplicationContext. To display the auto-configuration report re-run your application with 'debug' enabled.--[logAutoConfigurationReport][AutoConfigurationReportLoggingInitializer.java,101]
[ERROR][2020-01-12 11:07:51,255] [main][KEY:] --Application startup failed--[reportFailure][SpringApplication.java,771]
org.springframework.beans.factory.BeanCreationException: Error creating bean with name 'tk.mybatis.mapper.autoconfigure.MapperAutoConfiguration': Invocation of init method failed; nested exception is tk.mybatis.mapper.MapperException: tk.mybatis.mapper.MapperException: java.lang.StringIndexOutOfBoundsException: String index out of range: -1
	at org.springframework.beans.factory.annotation.InitDestroyAnnotationBeanPostProcessor.postProcessBeforeInitialization(InitDestroyAnnotationBeanPostProcessor.java:137)
	at org.springframework.beans.factory.support.AbstractAutowireCapableBeanFactory.applyBeanPostProcessorsBeforeInitialization(AbstractAutowireCapableBeanFactory.java:409)
	at org.springframework.beans.factory.support.AbstractAutowireCapableBeanFactory.initializeBean(AbstractAutowireCapableBeanFactory.java:1620)
	at org.springframework.beans.factory.support.AbstractAutowireCapableBeanFactory.doCreateBean(AbstractAutowireCapableBeanFactory.java:555)
	at org.springframework.beans.factory.support.AbstractAutowireCapableBeanFactory.createBean(AbstractAutowireCapableBeanFactory.java:483)
	at org.springframework.beans.factory.support.AbstractBeanFactory$1.getObject(AbstractBeanFactory.java:306)
	at org.springframework.beans.factory.support.DefaultSingletonBeanRegistry.getSingleton(DefaultSingletonBeanRegistry.java:230)
	at org.springframework.beans.factory.support.AbstractBeanFactory.doGetBean(AbstractBeanFactory.java:302)
	at org.springframework.beans.factory.support.AbstractBeanFactory.getBean(AbstractBeanFactory.java:197)
	at org.springframework.beans.factory.support.DefaultListableBeanFactory.preInstantiateSingletons(DefaultListableBeanFactory.java:761)
	at org.springframework.context.support.AbstractApplicationContext.finishBeanFactoryInitialization(AbstractApplicationContext.java:867)
	at org.springframework.context.support.AbstractApplicationContext.refresh(AbstractApplicationContext.java:543)
	at org.springframework.boot.context.embedded.EmbeddedWebApplicationContext.refresh(EmbeddedWebApplicationContext.java:122)
	at org.springframework.boot.SpringApplication.refresh(SpringApplication.java:693)
	at org.springframework.boot.SpringApplication.refreshContext(SpringApplication.java:360)
	at org.springframework.boot.SpringApplication.run(SpringApplication.java:303)
	at org.springframework.boot.SpringApplication.run(SpringApplication.java:1118)
	at org.springframework.boot.SpringApplication.run(SpringApplication.java:1107)
	at com.sinafinance.CashApplication.main(CashApplication.java:33)
Caused by: tk.mybatis.mapper.MapperException: tk.mybatis.mapper.MapperException: java.lang.StringIndexOutOfBoundsException: String index out of range: -1
	at tk.mybatis.mapper.mapperhelper.MapperHelper.setSqlSource(MapperHelper.java:248)
	at tk.mybatis.mapper.mapperhelper.MapperHelper.processConfiguration(MapperHelper.java:311)
	at tk.mybatis.mapper.mapperhelper.MapperHelper.processConfiguration(MapperHelper.java:290)
	at tk.mybatis.mapper.autoconfigure.MapperAutoConfiguration.addPageInterceptor(MapperAutoConfiguration.java:75)
	at sun.reflect.NativeMethodAccessorImpl.invoke0(Native Method)
	at sun.reflect.NativeMethodAccessorImpl.invoke(NativeMethodAccessorImpl.java:62)
	at sun.reflect.DelegatingMethodAccessorImpl.invoke(DelegatingMethodAccessorImpl.java:43)
	at java.lang.reflect.Method.invoke(Method.java:498)
	at org.springframework.beans.factory.annotation.InitDestroyAnnotationBeanPostProcessor$LifecycleElement.invoke(InitDestroyAnnotationBeanPostProcessor.java:366)
	at org.springframework.beans.factory.annotation.InitDestroyAnnotationBeanPostProcessor$LifecycleMetadata.invokeInitMethods(InitDestroyAnnotationBeanPostProcessor.java:311)
	at org.springframework.beans.factory.annotation.InitDestroyAnnotationBeanPostProcessor.postProcessBeforeInitialization(InitDestroyAnnotationBeanPostProcessor.java:134)
	... 18 common frames omitted
Caused by: tk.mybatis.mapper.MapperException: java.lang.StringIndexOutOfBoundsException: String index out of range: -1
	at tk.mybatis.mapper.mapperhelper.MapperTemplate.setSqlSource(MapperTemplate.java:258)
	at tk.mybatis.mapper.mapperhelper.MapperHelper.setSqlSource(MapperHelper.java:245)
	... 28 common frames omitted
Caused by: java.lang.StringIndexOutOfBoundsException: String index out of range: -1
	at java.lang.AbstractStringBuilder.substring(AbstractStringBuilder.java:935)
	at java.lang.StringBuilder.substring(StringBuilder.java:76)
	at tk.mybatis.mapper.mapperhelper.SqlHelper.getAllColumns(SqlHelper.java:247)
	at tk.mybatis.mapper.mapperhelper.SqlHelper.selectAllColumns(SqlHelper.java:259)
	at tk.mybatis.mapper.provider.base.BaseSelectProvider.select(BaseSelectProvider.java:71)
	at sun.reflect.NativeMethodAccessorImpl.invoke0(Native Method)
	at sun.reflect.NativeMethodAccessorImpl.invoke(NativeMethodAccessorImpl.java:62)
	at sun.reflect.DelegatingMethodAccessorImpl.invoke(DelegatingMethodAccessorImpl.java:43)
	at java.lang.reflect.Method.invoke(Method.java:498)
	at tk.mybatis.mapper.mapperhelper.MapperTemplate.setSqlSource(MapperTemplate.java:246)
	... 29 common frames omitted
[INFO ][2020-01-12 11:10:25,968] [main][KEY:] --Starting CashApplication on bj-n-217943a with PID 3932 (D:\projects-test\sinafinance\sinafinance-cash\target\classes started by mengdi9 in D:\projects-test\sinafinance)--[logStarting][StartupInfoLogger.java,48]
[INFO ][2020-01-12 11:10:25,991] [main][KEY:] --No active profile set, falling back to default profiles: default--[logStartupProfileInfo][SpringApplication.java,593]
[INFO ][2020-01-12 11:10:26,205] [main][KEY:] --Refreshing org.springframework.boot.context.embedded.AnnotationConfigEmbeddedWebApplicationContext@e54303: startup date [Sun Jan 12 11:10:26 CST 2020]; root of context hierarchy--[prepareRefresh][AbstractApplicationContext.java,583]
[INFO ][2020-01-12 11:10:26,553] [background-preinit][KEY:] --HV000001: Hibernate Validator 5.1.3.Final--[<clinit>][Version.java,27]
[INFO ][2020-01-12 11:10:26,983] [main][KEY:] --Overriding bean definition for bean 'scopedTarget.oauth2ClientContext' with a different definition: replacing [Root bean: class [null]; scope=session; abstract=false; lazyInit=false; autowireMode=3; dependencyCheck=0; autowireCandidate=false; primary=false; factoryBeanName=org.springframework.security.oauth2.config.annotation.web.configuration.OAuth2ClientConfiguration$OAuth2ClientContextConfiguration; factoryMethodName=oauth2ClientContext; initMethodName=null; destroyMethodName=(inferred); defined in class path resource [org/springframework/security/oauth2/config/annotation/web/configuration/OAuth2ClientConfiguration$OAuth2ClientContextConfiguration.class]] with [Root bean: class [null]; scope=session; abstract=false; lazyInit=false; autowireMode=3; dependencyCheck=0; autowireCandidate=false; primary=false; factoryBeanName=org.springframework.boot.autoconfigure.security.oauth2.client.OAuth2RestOperationsConfiguration$SessionScopedConfiguration$ClientContextConfiguration; factoryMethodName=oauth2ClientContext; initMethodName=null; destroyMethodName=(inferred); defined in class path resource [org/springframework/boot/autoconfigure/security/oauth2/client/OAuth2RestOperationsConfiguration$SessionScopedConfiguration$ClientContextConfiguration.class]]--[registerBeanDefinition][DefaultListableBeanFactory.java,828]
[INFO ][2020-01-12 11:10:27,067] [main][KEY:] --Multiple Spring Data modules found, entering strict repository configuration mode!--[multipleStoresDetected][RepositoryConfigurationDelegate.java,165]
[INFO ][2020-01-12 11:10:27,801] [main][KEY:] --Bean 'org.springframework.transaction.annotation.ProxyTransactionManagementConfiguration' of type [org.springframework.transaction.annotation.ProxyTransactionManagementConfiguration$$EnhancerBySpringCGLIB$$32e63157] is not eligible for getting processed by all BeanPostProcessors (for example: not eligible for auto-proxying)--[postProcessAfterInitialization][PostProcessorRegistrationDelegate.java,325]
[INFO ][2020-01-12 11:10:28,598] [main][KEY:] --Tomcat initialized with port(s): 8083 (http)--[initialize][TomcatEmbeddedServletContainer.java,89]
[INFO ][2020-01-12 11:10:28,612] [main][KEY:] --Starting service [Tomcat]--[log][DirectJDKLog.java,179]
[INFO ][2020-01-12 11:10:28,613] [main][KEY:] --Starting Servlet Engine: Apache Tomcat/8.5.16--[log][DirectJDKLog.java,179]
[INFO ][2020-01-12 11:10:28,794] [localhost-startStop-1][KEY:] --Initializing Spring embedded WebApplicationContext--[log][DirectJDKLog.java,179]
[INFO ][2020-01-12 11:10:28,795] [localhost-startStop-1][KEY:] --Root WebApplicationContext: initialization completed in 2590 ms--[prepareEmbeddedWebApplicationContext][EmbeddedWebApplicationContext.java,276]
[INFO ][2020-01-12 11:10:29,160] [localhost-startStop-1][KEY:] --Mapping filter: 'characterEncodingFilter' to: [/*]--[configure][AbstractFilterRegistrationBean.java,258]
[INFO ][2020-01-12 11:10:29,161] [localhost-startStop-1][KEY:] --Mapping filter: 'hiddenHttpMethodFilter' to: [/*]--[configure][AbstractFilterRegistrationBean.java,258]
[INFO ][2020-01-12 11:10:29,161] [localhost-startStop-1][KEY:] --Mapping filter: 'httpPutFormContentFilter' to: [/*]--[configure][AbstractFilterRegistrationBean.java,258]
[INFO ][2020-01-12 11:10:29,161] [localhost-startStop-1][KEY:] --Mapping filter: 'OAuth2ClientContextFilter' to: [/*]--[configure][AbstractFilterRegistrationBean.java,258]
[INFO ][2020-01-12 11:10:29,162] [localhost-startStop-1][KEY:] --Mapping filter: 'requestContextFilter' to: [/*]--[configure][AbstractFilterRegistrationBean.java,258]
[INFO ][2020-01-12 11:10:29,163] [localhost-startStop-1][KEY:] --Mapping filter: 'springSecurityFilterChain' to: [/*]--[configure][AbstractFilterRegistrationBean.java,258]
[INFO ][2020-01-12 11:10:29,163] [localhost-startStop-1][KEY:] --Mapping servlet: 'dispatcherServlet' to [/]--[onStartup][ServletRegistrationBean.java,190]
[INFO ][2020-01-12 11:10:29,420] [main][KEY:] --Final method [protected final org.springframework.context.ApplicationContext org.springframework.security.config.annotation.web.configuration.WebSecurityConfigurerAdapter.getApplicationContext()] cannot get proxied via CGLIB: Calls to this method will NOT be routed to the target instance and might lead to NPEs against uninitialized fields in the proxy instance.--[doValidateClass][CglibAopProxy.java,268]
[INFO ][2020-01-12 11:10:29,421] [main][KEY:] --Final method [protected final org.springframework.security.config.annotation.web.builders.HttpSecurity org.springframework.security.config.annotation.web.configuration.WebSecurityConfigurerAdapter.getHttp() throws java.lang.Exception] cannot get proxied via CGLIB: Calls to this method will NOT be routed to the target instance and might lead to NPEs against uninitialized fields in the proxy instance.--[doValidateClass][CglibAopProxy.java,268]
[WARN ][2020-01-12 11:10:30,401] [main][KEY:] --Unable to create an RSA verifier from verifierKey (ignoreable if using MAC)--[afterPropertiesSet][JwtAccessTokenConverter.java,294]
[INFO ][2020-01-12 11:10:30,984] [main][KEY:] --Looking for @ControllerAdvice: org.springframework.boot.context.embedded.AnnotationConfigEmbeddedWebApplicationContext@e54303: startup date [Sun Jan 12 11:10:26 CST 2020]; root of context hierarchy--[initControllerAdviceCache][RequestMappingHandlerAdapter.java,534]
[INFO ][2020-01-12 11:10:31,076] [main][KEY:] --Mapped "{[/me],methods=[GET]}" onto public org.springframework.security.core.Authentication com.sinafinance.CashApplication.user(org.springframework.security.core.Authentication)--[register][AbstractHandlerMethodMapping.java,543]
[INFO ][2020-01-12 11:10:31,080] [main][KEY:] --Mapped "{[/cash/notify]}" onto public void com.sinafinance.controller.CashOutController.notifyLogic(javax.servlet.http.HttpServletRequest)--[register][AbstractHandlerMethodMapping.java,543]
[INFO ][2020-01-12 11:10:31,080] [main][KEY:] --Mapped "{[/cash/out]}" onto public com.sinafinance.vo.BaseResponse com.sinafinance.controller.CashOutController.cashout(com.sinafinance.vo.CashOutRequest,org.springframework.security.core.Authentication)--[register][AbstractHandlerMethodMapping.java,543]
[INFO ][2020-01-12 11:10:31,081] [main][KEY:] --Mapped "{[/cash/queryPayStatus],methods=[GET]}" onto public com.sinafinance.vo.BaseResponse com.sinafinance.controller.CashOutController.queryPayStatus(java.lang.String,java.lang.String)--[register][AbstractHandlerMethodMapping.java,543]
[INFO ][2020-01-12 11:10:31,084] [main][KEY:] --Mapped "{[/user/findByUsername]}" onto public com.sinafinance.vo.BaseResponse com.sinafinance.controller.UserController.findByUsername(java.lang.String)--[register][AbstractHandlerMethodMapping.java,543]
[INFO ][2020-01-12 11:10:31,086] [main][KEY:] --Mapped "{[/user/findAllUser]}" onto public com.sinafinance.vo.BaseResponse com.sinafinance.controller.UserController.findAllUser(int,int)--[register][AbstractHandlerMethodMapping.java,543]
[INFO ][2020-01-12 11:10:31,088] [main][KEY:] --Mapped "{[/error]}" onto public org.springframework.http.ResponseEntity<java.util.Map<java.lang.String, java.lang.Object>> org.springframework.boot.autoconfigure.web.BasicErrorController.error(javax.servlet.http.HttpServletRequest)--[register][AbstractHandlerMethodMapping.java,543]
[INFO ][2020-01-12 11:10:31,089] [main][KEY:] --Mapped "{[/error],produces=[text/html]}" onto public org.springframework.web.servlet.ModelAndView org.springframework.boot.autoconfigure.web.BasicErrorController.errorHtml(javax.servlet.http.HttpServletRequest,javax.servlet.http.HttpServletResponse)--[register][AbstractHandlerMethodMapping.java,543]
[INFO ][2020-01-12 11:10:31,165] [main][KEY:] --Mapped URL path [/webjars/**] onto handler of type [class org.springframework.web.servlet.resource.ResourceHttpRequestHandler]--[registerHandler][AbstractUrlHandlerMapping.java,362]
[INFO ][2020-01-12 11:10:31,166] [main][KEY:] --Mapped URL path [/**] onto handler of type [class org.springframework.web.servlet.resource.ResourceHttpRequestHandler]--[registerHandler][AbstractUrlHandlerMapping.java,362]
[INFO ][2020-01-12 11:10:31,187] [main][KEY:] --Detected @ExceptionHandler methods in webControllerAdvice--[initExceptionHandlerAdviceCache][ExceptionHandlerExceptionResolver.java,273]
[INFO ][2020-01-12 11:10:31,226] [main][KEY:] --Mapped URL path [/**/favicon.ico] onto handler of type [class org.springframework.web.servlet.resource.ResourceHttpRequestHandler]--[registerHandler][AbstractUrlHandlerMapping.java,362]
[INFO ][2020-01-12 11:10:31,268] [main][KEY:] --Adding welcome page: class path resource [static/index.html]--[<init>][WebMvcAutoConfiguration.java,549]
[INFO ][2020-01-12 11:10:31,871] [main][KEY:] --

Using default security password: e5b8f27c-b8de-493f-a5a6-1981b8d6c58e
--[configure][AuthenticationManagerConfiguration.java,173]
[INFO ][2020-01-12 11:10:32,022] [main][KEY:] --Creating filter chain: OrRequestMatcher [requestMatchers=[Ant [pattern='/css/**'], Ant [pattern='/js/**'], Ant [pattern='/images/**'], Ant [pattern='/webjars/**'], Ant [pattern='/**/favicon.ico'], Ant [pattern='/error']]], []--[<init>][DefaultSecurityFilterChain.java,43]
[INFO ][2020-01-12 11:10:32,023] [main][KEY:] --Creating filter chain: Ant [pattern='/bootstrap/**'], []--[<init>][DefaultSecurityFilterChain.java,43]
[INFO ][2020-01-12 11:10:32,132] [main][KEY:] --Creating filter chain: org.springframework.security.web.util.matcher.AnyRequestMatcher@1, [org.springframework.security.web.context.request.async.WebAsyncManagerIntegrationFilter@96dfcbb, org.springframework.security.web.context.SecurityContextPersistenceFilter@2555a986, org.springframework.security.web.header.HeaderWriterFilter@59831016, org.springframework.security.web.authentication.logout.LogoutFilter@6ba08a09, org.springframework.security.oauth2.client.filter.OAuth2ClientAuthenticationProcessingFilter@34ede267, org.springframework.security.web.savedrequest.RequestCacheAwareFilter@5535e9, org.springframework.security.web.servletapi.SecurityContextHolderAwareRequestFilter@1ce57bbb, org.springframework.security.web.authentication.AnonymousAuthenticationFilter@6bf77ee, org.springframework.security.web.session.SessionManagementFilter@397dfbe8, org.springframework.security.web.access.ExceptionTranslationFilter@fabfc79, org.springframework.security.web.access.intercept.FilterSecurityInterceptor@31b289da]--[<init>][DefaultSecurityFilterChain.java,43]
[INFO ][2020-01-12 11:10:32,153] [main][KEY:] --Creating filter chain: OrRequestMatcher [requestMatchers=[Ant [pattern='/**']]], [org.springframework.security.web.context.request.async.WebAsyncManagerIntegrationFilter@54c3e686, org.springframework.security.web.context.SecurityContextPersistenceFilter@476a2819, org.springframework.security.web.header.HeaderWriterFilter@11e3d08, org.springframework.security.web.authentication.logout.LogoutFilter@a926db4, org.springframework.security.web.authentication.www.BasicAuthenticationFilter@51e0f2eb, org.springframework.security.web.savedrequest.RequestCacheAwareFilter@279ab15e, org.springframework.security.web.servletapi.SecurityContextHolderAwareRequestFilter@571c2ed8, org.springframework.security.web.authentication.AnonymousAuthenticationFilter@39840986, org.springframework.security.web.session.SessionManagementFilter@25c548d1, org.springframework.security.web.access.ExceptionTranslationFilter@eddc9bb, org.springframework.security.web.access.intercept.FilterSecurityInterceptor@15ce261]--[<init>][DefaultSecurityFilterChain.java,43]
[INFO ][2020-01-12 11:10:32,802] [main][KEY:] --Registering beans for JMX exposure on startup--[afterSingletonsInstantiated][MBeanExporter.java,431]
[INFO ][2020-01-12 11:10:32,804] [main][KEY:] --Bean with name 'dataSource' has been autodetected for JMX exposure--[autodetect][MBeanExporter.java,916]
[INFO ][2020-01-12 11:10:32,808] [main][KEY:] --Located MBean 'dataSource': registering with JMX server as MBean [com.alibaba.druid.pool:name=dataSource,type=DruidDataSource]--[registerBeanInstance][MBeanExporter.java,671]
[INFO ][2020-01-12 11:10:32,825] [main][KEY:] --Initializing ProtocolHandler ["http-nio-8083"]--[log][DirectJDKLog.java,179]
[INFO ][2020-01-12 11:10:32,838] [main][KEY:] --Starting ProtocolHandler ["http-nio-8083"]--[log][DirectJDKLog.java,179]
[INFO ][2020-01-12 11:10:32,850] [main][KEY:] --Using a shared selector for servlet write/read--[log][DirectJDKLog.java,179]
[INFO ][2020-01-12 11:10:32,870] [main][KEY:] --Tomcat started on port(s): 8083 (http)--[start][TomcatEmbeddedServletContainer.java,201]
[INFO ][2020-01-12 11:10:32,877] [main][KEY:] --Started CashApplication in 7.485 seconds (JVM running for 8.186)--[logStarted][StartupInfoLogger.java,57]
